2026-07-02 12:44:06 player_uuid=145c25d8-5842-38be-8c85-4004ce6f4051 player_name=HansM item=OAK_LEAVES action=SELLHAND_BLOCKED
2026-07-02 12:44:11 player_uuid=145c25d8-5842-38be-8c85-4004ce6f4051 player_name=HansM item=BLACK_CONCRETE action=SELLHAND_BLOCKED
2026-07-02 12:44:31 player_uuid=145c25d8-5842-38be-8c85-4004ce6f4051 player_name=HansM item=BLACK_CONCRETE action=SELLHAND_BLOCKED
2026-07-02 13:47:50 player_uuid=00000000-0000-0000-0009-01ffb6009a69 player_name=.Its_WANZ item=COOKED_BEEF action=SELLHAND_BLOCKED
2026-07-02 13:48:19 player_uuid=00000000-0000-0000-0009-01ffb6009a69 player_name=.Its_WANZ item=MUTTON action=SELLHAND_BLOCKED
2026-07-02 13:48:33 player_uuid=5b8b41dd-896f-3f16-9033-d4ee6cdf6832 player_name=N0T_Farhan item=HEART_OF_THE_SEA action=SELLHAND_BLOCKED
2026-07-02 13:54:12 player_uuid=00000000-0000-0000-0009-01f1b430bb6c player_name=.okic1712 item=NETHERITE_SCRAP action=SELLHAND_BLOCKED
2026-07-02 14:54:25 player_uuid=00000000-0000-0000-0009-01f3a31b06ab player_name=.RidhoBTQ item=TOTEM_OF_UNDYING action=SELLHAND_BLOCKED
2026-07-02 14:54:37 player_uuid=00000000-0000-0000-0009-01f3a31b06ab player_name=.RidhoBTQ item=TOTEM_OF_UNDYING action=SELLHAND_BLOCKED
2026-07-02 14:58:33 player_uuid=00000000-0000-0000-0009-01f3a31b06ab player_name=.RidhoBTQ item=DIAMOND action=SELLHAND_BLOCKED
2026-07-02 15:26:01 player_uuid=c17b341a-fa98-3b78-85a0-b3ac53239cf0 player_name=ManusiaMinecraft item=FLINT_AND_STEEL action=SELLHAND_BLOCKED
2026-07-02 15:26:32 player_uuid=c17b341a-fa98-3b78-85a0-b3ac53239cf0 player_name=ManusiaMinecraft item=EMERALD action=SELLHAND_BLOCKED
2026-07-02 15:26:39 player_uuid=c17b341a-fa98-3b78-85a0-b3ac53239cf0 player_name=ManusiaMinecraft item=EMERALD action=SELLHAND_BLOCKED
2026-07-02 15:26:47 player_uuid=c17b341a-fa98-3b78-85a0-b3ac53239cf0 player_name=ManusiaMinecraft item=DIAMOND action=SELLHAND_BLOCKED
2026-07-02 17:25:58 player_uuid=914929ce-0c7c-3bee-9628-8166c5ad2d1b player_name=bikuya item=WHEAT_SEEDS action=SELLHAND_BLOCKED
2026-07-03 08:07:19 player_uuid=00000000-0000-0000-0009-01f93ebe6bb1 player_name=.KaiRynzx item=COD action=SELLHAND_BLOCKED
2026-07-03 09:21:05 player_uuid=00000000-0000-0000-0009-01f93ebe6bb1 player_name=.KaiRynzx item=COD action=SELLHAND_BLOCKED
2026-07-03 09:40:42 player_uuid=00000000-0000-0000-0009-01f1b430bb6c player_name=.okic1712 item=TOTEM_OF_UNDYING action=SELLHAND_BLOCKED
2026-07-04 08:05:39 player_uuid=00000000-0000-0000-0009-01f93ebe6bb1 player_name=.KaiRynzx item=COD action=SELLHAND_BLOCKED
2026-07-04 08:06:10 player_uuid=00000000-0000-0000-0009-01f93ebe6bb1 player_name=.KaiRynzx item=COD action=SELLHAND_BLOCKED
2026-07-05 04:12:35 player_uuid=00000000-0000-0000-0009-01fd7c39b221 player_name=.badrihalim46 item=ARROW action=SELLHAND_BLOCKED
2026-07-05 04:13:25 player_uuid=00000000-0000-0000-0009-01fd7c39b221 player_name=.badrihalim46 item=REDSTONE action=SELLHAND_BLOCKED
