2026-07-02 12:40:17 REFUND_PENDING listing=b73efc8423e9404eafca50451160fd13 player=Neomee uuid=b8305575-9232-335f-832e-eef187eaf10d
2026-07-02 12:40:17 REFUND_PENDING listing=2775c850b12b42709c3a866a1f5463a6 player=N0T_Farhan uuid=5b8b41dd-896f-3f16-9033-d4ee6cdf6832
2026-07-02 12:40:17 REFUND_PENDING listing=4dca97952096447f910fb8bf2e1cdff1 player=N0T_Farhan uuid=5b8b41dd-896f-3f16-9033-d4ee6cdf6832
2026-07-02 12:40:17 REFUND_PENDING listing=0c1a57867bd740e28e92543eaa251ad3 player=N0T_Farhan uuid=5b8b41dd-896f-3f16-9033-d4ee6cdf6832
2026-07-02 12:40:17 REFUND_PENDING listing=3830c93d1fe4428e99001fff90cfb1fd player=phy0n uuid=fefd8109-a6b8-3201-90f4-e167e3d1d055
2026-07-02 12:40:17 REFUND_PENDING listing=39c170f8086c45bca88196f98659e8dc player=.putra4188 uuid=00000000-0000-0000-0009-01f25116c5e3
2026-07-02 12:40:17 REFUND_PENDING listing=b92321067765437eb1cee81707dcaea4 player=Kinandana uuid=8228bfba-295d-3073-b84f-43b01d6ffe84
2026-07-02 12:40:17 REFUND_PENDING listing=a470d94c6aa740ebb97e80b3be29a368 player=.AzaelXylo uuid=00000000-0000-0000-0009-01ffa0fe009d
2026-07-02 12:40:17 REFUND_PENDING listing=864547a4fa05401abb948daeeed10652 player=.AzaelXylo uuid=00000000-0000-0000-0009-01ffa0fe009d
2026-07-02 12:40:17 REFUND_PENDING listing=09563b52ed844146b167b9fcd5d59d5e player=.AzaelXylo uuid=00000000-0000-0000-0009-01ffa0fe009d
2026-07-02 12:40:17 REFUND_PENDING listing=18158687b28846f29858571ca9809695 player=.AzaelXylo uuid=00000000-0000-0000-0009-01ffa0fe009d
2026-07-02 12:40:17 REFUND_PENDING listing=e08a14ac79444ee9b523404fa51606d6 player=antutuvsause uuid=27fc53b3-b9ce-31d6-8b27-37bb59a6958f
2026-07-02 12:40:17 REFUND_PENDING listing=65fd4121409c4457a7dedca2e5866a3d player=antutuvsause uuid=27fc53b3-b9ce-31d6-8b27-37bb59a6958f
2026-07-02 12:40:17 REFUND_PENDING listing=fec615d3622740eab887e699609539ef player=BLUETSSSS uuid=b82cf1fb-0272-3869-a829-576d39bef31f
2026-07-02 12:40:17 REFUND_PENDING listing=1052e3dfad3f4f7fa9e6439187ac1dd9 player=N0T_Farhan uuid=5b8b41dd-896f-3f16-9033-d4ee6cdf6832
2026-07-02 12:40:17 REFUND_PENDING listing=d51df9c199e340c6a89f67b1eabdf4bb player=BLUETSSSS uuid=b82cf1fb-0272-3869-a829-576d39bef31f
2026-07-02 12:40:17 REFUND_PENDING listing=bdb2b52c0c33473bb2bf76bb4d6fe149 player=BLUETSSSS uuid=b82cf1fb-0272-3869-a829-576d39bef31f
2026-07-02 12:40:17 REFUND_PENDING listing=b062ec5ec0e64228961cfeb905ac9246 player=CrySakhi uuid=48430973-fd36-3141-af6b-64a577cc05e3
2026-07-02 12:40:17 REFUND_PENDING listing=3a99f5d40c1847ed9efb76f9f357c449 player=N0T_Farhan uuid=5b8b41dd-896f-3f16-9033-d4ee6cdf6832
2026-07-02 12:40:17 REFUND_PENDING listing=0977a945c6eb4be29924b6c784f21b9c player=xDraXe uuid=1fa4cd36-3ece-3965-a274-317967dd8482
2026-07-02 12:40:17 REFUND_PENDING listing=ae9e690b82a24541b929035995ec7990 player=N0T_Farhan uuid=5b8b41dd-896f-3f16-9033-d4ee6cdf6832
2026-07-02 12:40:17 REFUND_PENDING listing=c9172f2622954525be30aecbf2f0837b player=ArthaaSK uuid=ffe04391-7f9b-3356-b3ce-64a6e1862f88
2026-07-02 12:40:17 REFUND_PENDING listing=c903704e43894f89bfc66ebc7084e278 player=.okic1712 uuid=00000000-0000-0000-0009-01f1b430bb6c
2026-07-02 12:40:17 REFUND_PENDING listing=77e75f05d69a42fabbf29d8aade5088e player=.okic1712 uuid=00000000-0000-0000-0009-01f1b430bb6c
2026-07-02 12:40:17 REFUND_PENDING listing=a93197c85b1344dbbd6e02e6013291e2 player=.okic1712 uuid=00000000-0000-0000-0009-01f1b430bb6c
2026-07-02 12:40:17 REFUND_PENDING listing=ac5847f397af42ab8003ae063e3c951b player=.okic1712 uuid=00000000-0000-0000-0009-01f1b430bb6c
2026-07-02 12:40:17 REFUND_PENDING listing=f390e946f3334a2a9d40af00634e12c4 player=.okic1712 uuid=00000000-0000-0000-0009-01f1b430bb6c
2026-07-02 12:40:17 REFUND_PENDING listing=7029083a0eb54d59bf41c12aff2d1c4e player=.AzaelXylo uuid=00000000-0000-0000-0009-01ffa0fe009d
2026-07-02 12:40:17 REFUND_PENDING listing=e93498b6e47f4ae59c0282972034c7bb player=skibidirizzz uuid=720c947f-e95d-3625-9560-01a8e823d766
2026-07-02 12:40:17 REFUND_PENDING listing=97ca4efd1e624d7596b66c0c68f8b669 player=.AzaelXylo uuid=00000000-0000-0000-0009-01ffa0fe009d
2026-07-02 12:40:17 REFUND_PENDING listing=03fef75f620943c1adbcbef0a911d0e5 player=ArthaaSK uuid=ffe04391-7f9b-3356-b3ce-64a6e1862f88
2026-07-02 12:40:17 REFUND_PENDING listing=1d588ef2403b4d4381d51566cc5ae1f3 player=N0T_Farhan uuid=5b8b41dd-896f-3f16-9033-d4ee6cdf6832
2026-07-02 12:40:17 REFUND_PENDING listing=cf65330133234643824e978384c70b34 player=N0T_Farhan uuid=5b8b41dd-896f-3f16-9033-d4ee6cdf6832
2026-07-02 12:40:17 REFUND_PENDING listing=d04d0b321e584ec8bcb4ff39f326f70f player=N0T_Farhan uuid=5b8b41dd-896f-3f16-9033-d4ee6cdf6832
2026-07-02 12:40:17 REFUND_PENDING listing=c58c2722b918454e8303b784ea725915 player=N0T_Farhan uuid=5b8b41dd-896f-3f16-9033-d4ee6cdf6832
2026-07-02 12:40:17 REFUND_PENDING listing=a211952fcb0b4ab188e753f08d34a4f6 player=N0T_Farhan uuid=5b8b41dd-896f-3f16-9033-d4ee6cdf6832
2026-07-02 12:40:17 REFUND_PENDING listing=13fd05855e9d4dc59958ee17d86339bf player=N0T_Farhan uuid=5b8b41dd-896f-3f16-9033-d4ee6cdf6832
2026-07-02 12:40:17 REFUND_PENDING listing=bcfc3b85e8b7483fb66b34e0765d90c9 player=N0T_Farhan uuid=5b8b41dd-896f-3f16-9033-d4ee6cdf6832
2026-07-02 12:40:23 CLAIM player=Neomee refund=25cae5f36b204b93978cbb9bcde2aafb
2026-07-02 13:14:21 CLAIM player=phy0n refund=8d1271dff9c64eefbd6350b386933cac
2026-07-02 13:16:06 CLAIM player=.okic1712 refund=543064b0f1d64540b3744d10333f5608
2026-07-02 13:16:06 CLAIM player=.okic1712 refund=ff45777d996f4714a6ddb526f86abccf
2026-07-02 13:16:06 CLAIM player=.okic1712 refund=a5fb0965bebe432e8c9f1b0969a1051d
2026-07-02 13:16:06 CLAIM player=.okic1712 refund=c58b7faed289434bbf058cb1513ed82a
2026-07-02 13:16:06 CLAIM player=.okic1712 refund=bfddc0bdcc8f4c79a9492467d23dbd7e
2026-07-02 13:16:20 CLAIM player=.AzaelXylo refund=19c0b83d2f3244f8b6c135903ac14036
2026-07-02 13:16:20 CLAIM player=.AzaelXylo refund=95f9eee2c2584d3fbd718eb0da3a7aab
2026-07-02 13:16:20 CLAIM player=.AzaelXylo refund=5333d4ce46c04fe3bc91a879a9d230f3
2026-07-02 13:16:20 CLAIM player=.AzaelXylo refund=d5cbfae8ad1b4b8e9d1b27bc5e6ca6f9
2026-07-02 13:16:20 CLAIM player=.AzaelXylo refund=43ea68da5e16460fb2e4147d7e12ae75
2026-07-02 13:16:20 CLAIM player=.AzaelXylo refund=a5195bb6dcf346c9ac1cbcfacee190ab
2026-07-02 13:18:57 CLAIM player=BLUETSSSS refund=ef955f0691274aeba60deba8db7b77ff
2026-07-02 13:18:57 CLAIM player=BLUETSSSS refund=411378ac647f4894a972388caeab0eac
2026-07-02 13:18:57 CLAIM player=BLUETSSSS refund=c557305301884dcdb2a725a54e400eed
2026-07-02 13:29:18 CLAIM player=ArthaaSK refund=38ea4ec7ae434cf883cfb3774b357442
2026-07-02 13:29:18 CLAIM player=ArthaaSK refund=40ed0c2e79434b3e88f196c2ff1743f9
2026-07-02 13:42:08 CLAIM player=N0T_Farhan refund=b7548e7548e3431681524e860fe6c4f9
2026-07-02 13:42:08 CLAIM player=N0T_Farhan refund=cff9e57085a5493697edc438655b0ee4
2026-07-02 13:42:08 CLAIM player=N0T_Farhan refund=055a6c9aaee741678b8e0663c614811d
2026-07-02 13:42:08 CLAIM player=N0T_Farhan refund=b5b6032ff7f04d40842801ee880fbf5e
2026-07-02 13:42:08 CLAIM player=N0T_Farhan refund=3099aecb823346dd89f5243a3bd67279
2026-07-02 13:42:08 CLAIM player=N0T_Farhan refund=df8a21983bd14b58b7d516db5731963a
2026-07-02 13:42:08 CLAIM player=N0T_Farhan refund=9b99175a178b4da9a771da1c98ad1996
2026-07-02 13:42:08 CLAIM player=N0T_Farhan refund=ab2f5137b3bb4bccae419218e091ef21
2026-07-02 13:42:08 CLAIM player=N0T_Farhan refund=e2cd836670bc4e9f947014a09324a63b
2026-07-02 13:42:08 CLAIM player=N0T_Farhan refund=45a3d49abf1b484fae2ac4b32cdef1a5
2026-07-02 13:42:08 CLAIM player=N0T_Farhan refund=e0621ae028f242d78cb3b77cef87b7ed
2026-07-02 13:42:08 CLAIM player=N0T_Farhan refund=fadda950fa904817b0e3da76e96cd25a
2026-07-02 13:42:08 CLAIM player=N0T_Farhan refund=4a3e14570fb2498fbd88d7c5586908eb
2026-07-02 15:01:20 CLAIM player=xDraXe refund=1c84076e4b1347ba9624fe2e8986b2c6
2026-07-02 18:39:12 CLAIM player=Kinandana refund=7ca9d705313b41e897e07a4591b4175a
